 ====================================================================================================
   THERMO TABLE FOR MOLECULE H2
 ====================================================================================================
   Elemental Composition:
     H 2
   Formation Enthalpy at 298K =          -0.000449976 kcal/mol
   Formation Free Gibbs Energy at 298K = -9.29996 kcal/mol
   Molecular Weight =                    2.016 kg/kmol
 -----------------------------------------------------------------------------------------------------
   Temperature       Cp             H             G            S             DH            DG         
       [K]       [cal/mol/K]    [kcal/mol]    [kcal/mol]  [cal/(mol-K)]  [kcal/mol]     [kcal/mol]    
 -----------------------------------------------------------------------------------------------------
     300.0000      6.9011        0.0134        -9.3624       31.2526       0.0138        -0.0625       
     600.0000      7.0202        2.1054        -19.5435      36.0814       2.1058        -10.2435      
     800.0000      7.0693        3.5138        -26.9718      38.1069       3.5142        -17.6718      
     1000.0000     7.2078        4.9390        -34.7575      39.6965       4.9394        -25.4576      
     1200.0000     7.4268        6.4027        -42.8336      41.0302       6.4031        -33.5336      
     1400.0000     7.6337        7.9089        -51.1581      42.1907       7.9094        -41.8582      
     1600.0000     7.8285        9.4553        -59.7014      43.2229       9.4558        -50.4014      
     1800.0000     8.0111        11.0395       -68.4407      44.1557       11.0399       -59.1407      
     2000.0000     8.1818        12.6590       -77.3583      45.0087       12.6594       -68.0584      
     2200.0000     8.3408        14.3114       -86.4398      45.7960       14.3119       -77.1398      
     2400.0000     8.4884        15.9945       -95.6731      46.5282       15.9950       -86.3731      
     2600.0000     8.6252        17.7061       -105.0479     47.2131       17.7065       -95.7480      
 -----------------------------------------------------------------------------------------------------


 ====================================================================================================
   THERMO TABLE FOR MOLECULE O2
 ====================================================================================================
   Elemental Composition:
     O 2.0000
   Formation Enthalpy at 298K =          -0.0013 kcal/mol
   Formation Free Gibbs Energy at 298K = -14.6027 kcal/mol
   Molecular Weight =                    31.9980 kg/kmol
 -----------------------------------------------------------------------------------------------------
   Temperature       Cp             H             G            S             DH            DG         
       [K]       [cal/mol/K]    [kcal/mol]    [kcal/mol]  [cal/(mol-K)]  [kcal/mol]     [kcal/mol]    
 -----------------------------------------------------------------------------------------------------
     300.0000      7.0096        0.0128        -14.7008      49.0452       0.0140        -0.0980       
     600.0000      7.6546        2.2114        -30.2483      54.0995       2.2127        -15.6455      
     800.0000      8.0674        3.7847        -41.3030      56.3597       3.7860        -26.7003      
     1000.0000     8.3490        5.4298        -52.7642      58.1939       5.4310        -38.1614      
     1200.0000     8.5060        7.1155        -64.5608      59.7302       7.1167        -49.9580      
     1400.0000     8.6516        8.8314        -76.6420      61.0525       8.8327        -62.0393      
     1600.0000     8.7869        10.5755       -88.9713      62.2167       10.5767       -74.3685      
     1800.0000     8.9130        12.3456       -101.5206     63.2590       12.3469       -86.9179      
     2000.0000     9.0308        14.1401       -114.2684     64.2043       14.1414       -99.6657      
     2200.0000     9.1411        15.9574       -127.1971     65.0702       15.9587       -112.5943     
     2400.0000     9.2448        17.7961       -140.2921     65.8701       17.7974       -125.6893     
     2600.0000     9.3426        19.6549       -153.5414     66.6140       19.6562       -138.9386     
 -----------------------------------------------------------------------------------------------------


 ====================================================================================================
   THERMO TABLE FOR MOLECULE OH
 ====================================================================================================
   Elemental Composition:
     H 1.0000
     O 1.0000
   Formation Enthalpy at 298K =          8.9090 kcal/mol
   Formation Free Gibbs Energy at 298K = -4.1811 kcal/mol
   Molecular Weight =                    17.0070 kg/kmol
 -----------------------------------------------------------------------------------------------------
   Temperature       Cp             H             G            S             DH            DG         
       [K]       [cal/mol/K]    [kcal/mol]    [kcal/mol]  [cal/(mol-K)]  [kcal/mol]     [kcal/mol]    
 -----------------------------------------------------------------------------------------------------
     300.0000      6.9466        8.9229        -4.2690       43.9730       0.0139        -0.0879       
     600.0000      7.0842        11.0269       -18.2705      48.8290       2.1180        -14.0893      
     800.0000      7.1981        12.4547       -28.2509      50.8820       3.5458        -24.0697      
     1000.0000     7.3403        13.9081       -38.5949      52.5029       4.9991        -34.4137      
     1200.0000     7.5110        15.3928       -49.2343      53.8559       6.4838        -45.0532      
     1400.0000     7.7030        16.9139       -60.1252      55.0280       8.0049        -55.9441      
     1600.0000     7.9013        18.4744       -71.2369      56.0695       9.5654        -67.0557      
     1800.0000     8.0742        20.0729       -82.5464      57.0107       11.1640       -78.3653      
     2000.0000     8.2121        21.7019       -94.0356      57.8688       12.7929       -89.8545      
     2200.0000     8.3304        23.3565       -105.6893     58.6571       14.4475       -101.5081     
     2400.0000     8.4305        25.0328       -117.4945     59.3864       16.1239       -113.3134     
     2600.0000     8.5141        26.7276       -129.4404     60.0646       17.8186       -125.2593     
 -----------------------------------------------------------------------------------------------------


 ====================================================================================================
   THERMO TABLE FOR MOLECULE H2O
 ====================================================================================================
   Elemental Composition:
     H 2.0000
     O 1.0000
   Formation Enthalpy at 298K =          -57.7979 kcal/mol
   Formation Free Gibbs Energy at 298K = -71.2364 kcal/mol
   Molecular Weight =                    18.0150 kg/kmol
 -----------------------------------------------------------------------------------------------------
   Temperature       Cp             H             G            S             DH            DG         
       [K]       [cal/mol/K]    [kcal/mol]    [kcal/mol]  [cal/(mol-K)]  [kcal/mol]     [kcal/mol]    
 -----------------------------------------------------------------------------------------------------
     300.0000      7.9982        -57.7819      -71.3266      45.1490       0.0160        -0.0902       
     600.0000      8.6723        -55.2808      -85.8217      50.9016       2.5171        -14.5854      
     800.0000      9.2217        -53.4937      -96.2684      53.4683       4.3042        -25.0320      
     1000.0000     9.8736        -51.5849      -107.1802     55.5954       6.2130        -35.9438      
     1200.0000     10.4850       -49.5476      -118.4886     57.4509       8.2503        -47.2522      
     1400.0000     11.0176       -47.3961      -130.1474     59.1081       10.4018       -58.9110      
     1600.0000     11.4795       -45.1453      -142.1216     60.6102       12.6526       -70.8852      
     1800.0000     11.8787       -42.8085      -154.3831     61.9859       14.9894       -83.1467      
     2000.0000     12.2224       -40.3975      -166.9089     63.2557       17.4004       -95.6725      
     2200.0000     12.5174       -37.9228      -179.6793     64.4348       19.8751       -108.4429     
     2400.0000     12.7701       -35.3934      -192.6775     65.5351       22.4045       -121.4411     
     2600.0000     12.9863       -32.8172      -205.8887     66.5660       24.9807       -134.6523     
 -----------------------------------------------------------------------------------------------------


 ====================================================================================================
   THERMO TABLE FOR MOLECULE H2O2
 ====================================================================================================
   Elemental Composition:
     H 2.0000
     O 2.0000
   Formation Enthalpy at 298K =          -32.5289 kcal/mol
   Formation Free Gibbs Energy at 298K = -49.1123 kcal/mol
   Molecular Weight =                    34.0140 kg/kmol
 -----------------------------------------------------------------------------------------------------
   Temperature       Cp             H             G            S             DH            DG         
       [K]       [cal/mol/K]    [kcal/mol]    [kcal/mol]  [cal/(mol-K)]  [kcal/mol]     [kcal/mol]    
 -----------------------------------------------------------------------------------------------------
     300.0000      10.4144       -32.5081      -49.2237      55.7185       0.0208        -0.1114       
     600.0000      13.1102       -28.9497      -67.2489      63.8320       3.5792        -18.1366      
     800.0000      14.2925       -26.2026      -80.4228      67.7752       6.3263        -31.3105      
     1000.0000     15.2109       -23.2507      -94.3157      71.0650       9.2782        -45.2034      
     1200.0000     15.9540       -20.1321      -108.8191     73.9059       12.3968       -59.7068      
     1400.0000     16.5774       -16.8771      -123.8559     76.4134       15.6518       -74.7436      
     1600.0000     17.0963       -13.5081      -139.3673     78.6620       19.0208       -90.2550      
     1800.0000     17.5250       -10.0446      -155.3068     80.7012       22.4843       -106.1945     
     2000.0000     17.8765       -6.5033       -171.6362     82.5665       26.0256       -122.5239     
     2200.0000     18.1630       -2.8983       -188.3235     84.2842       29.6306       -139.2112     
     2400.0000     18.3953       0.7583        -205.3414     85.8749       33.2872       -156.2291     
     2600.0000     18.5833       4.4568        -222.6661     87.3550       36.9857       -173.5538     
 -----------------------------------------------------------------------------------------------------


 ====================================================================================================
   THERMO TABLE FOR MOLECULE HO2
 ====================================================================================================
   Elemental Composition:
     H 1.0000
     O 2.0000
   Formation Enthalpy at 298K =          2.9984 kcal/mol
   Formation Free Gibbs Energy at 298K = -13.3163 kcal/mol
   Molecular Weight =                    33.0060 kg/kmol
 -----------------------------------------------------------------------------------------------------
   Temperature       Cp             H             G            S             DH            DG         
       [K]       [cal/mol/K]    [kcal/mol]    [kcal/mol]  [cal/(mol-K)]  [kcal/mol]     [kcal/mol]    
 -----------------------------------------------------------------------------------------------------
     300.0000      8.3476        3.0151        -13.4259      54.8032       0.0167        -0.1096       
     600.0000      9.9944        5.7671        -30.8897      61.0946       2.7686        -17.5734      
     800.0000      10.7703       7.8499        -43.4183      64.0852       4.8515        -30.1019      
     1000.0000     11.3792       10.0625       -56.4889      66.5514       7.0641        -43.1726      
     1200.0000     11.8576       12.3871       -70.0159      68.6691       9.3886        -56.6996      
     1400.0000     12.2857       14.8022       -83.9395      70.5297       11.8037       -70.6231      
     1600.0000     12.6691       17.2983       -98.2149      72.1958       14.2999       -84.8985      
     1800.0000     13.0125       19.8671       -112.8075     73.7082       16.8687       -99.4912      
     2000.0000     13.3199       22.5010       -127.6898     75.0954       19.5025       -114.3735     
     2200.0000     13.5943       25.1929       -142.8387     76.3780       22.1945       -129.5224     
     2400.0000     13.8379       27.9366       -158.2351     77.5715       24.9382       -144.9188     
     2600.0000     14.0522       30.7261       -173.8622     78.6878       27.7277       -160.5459     
 -----------------------------------------------------------------------------------------------------


 ====================================================================================================
   THERMO TABLE FOR MOLECULE O
 ====================================================================================================
   Elemental Composition:
     O 1.0000
   Formation Enthalpy at 298K =          59.5530 kcal/mol
   Formation Free Gibbs Energy at 298K = 48.0918 kcal/mol
   Molecular Weight =                    15.9990 kg/kmol
 -----------------------------------------------------------------------------------------------------
   Temperature       Cp             H             G            S             DH            DG         
       [K]       [cal/mol/K]    [kcal/mol]    [kcal/mol]  [cal/(mol-K)]  [kcal/mol]     [kcal/mol]    
 -----------------------------------------------------------------------------------------------------
     300.0000      5.2313        59.5635       48.0148       38.4954       0.0105        -0.0770       
     600.0000      5.0456        61.0984       35.8688       42.0492       1.5454        -12.2230      
     800.0000      5.0153        62.1039       27.3073       43.4958       2.5509        -20.7845      
     1000.0000     4.9983        63.1053       18.4921       44.6132       3.5523        -29.5997      
     1200.0000     4.9903        64.1042       9.4757        45.5238       4.5512        -38.6161      
     1400.0000     4.9838        65.1016       0.2920        46.2925       5.5486        -47.7998      
     1600.0000     4.9791        66.0978       -9.0345       46.9577       6.5448        -57.1263      
     1800.0000     4.9762        67.0933       -18.4858      47.5439       7.5403        -66.5776      
     2000.0000     4.9754        68.0884       -28.0479      48.0682       8.5354        -76.1397      
     2200.0000     4.9768        69.0836       -37.7097      48.5424       9.5306        -85.8015      
     2400.0000     4.9804        70.0793       -47.4622      48.9756       10.5263       -95.5540      
     2600.0000     4.9863        71.0759       -57.2977      49.3745       11.5229       -105.3895     
 -----------------------------------------------------------------------------------------------------


 ====================================================================================================
   THERMO TABLE FOR MOLECULE H
 ====================================================================================================
   Elemental Composition:
     H 1.0000
   Formation Enthalpy at 298K =          52.0924 kcal/mol
   Formation Free Gibbs Energy at 298K = 43.9314 kcal/mol
   Molecular Weight =                    1.0080 kg/kmol
 -----------------------------------------------------------------------------------------------------
   Temperature       Cp             H             G            S             DH            DG         
       [K]       [cal/mol/K]    [kcal/mol]    [kcal/mol]  [cal/(mol-K)]  [kcal/mol]     [kcal/mol]    
 -----------------------------------------------------------------------------------------------------
     300.0000      4.9675        52.1024       43.8766       27.4193       0.0099        -0.0548       
     600.0000      4.9675        53.5926       35.0751       30.8625       1.5002        -8.8563       
     800.0000      4.9675        54.5861       28.7529       32.2916       2.4937        -15.1785      
     1000.0000     4.9675        55.5796       22.1796       33.4000       3.4872        -21.7518      
     1200.0000     4.9675        56.5731       15.4063       34.3057       4.4807        -28.5251      
     1400.0000     4.9675        57.5666       8.4666        35.0714       5.4742        -35.4648      
     1600.0000     4.9675        58.5601       1.3845        35.7348       6.4677        -42.5469      
     1800.0000     4.9675        59.5536       -5.8221       36.3198       7.4612        -49.7535      
     2000.0000     4.9675        60.5471       -13.1393      36.8432       8.4547        -57.0707      
     2200.0000     4.9675        61.5406       -20.5561      37.3167       9.4482        -64.4875      
     2400.0000     4.9675        62.5341       -28.0633      37.7489       10.4417       -71.9947      
     2600.0000     4.9675        63.5276       -35.6534      38.1465       11.4352       -79.5847      
 -----------------------------------------------------------------------------------------------------


 ====================================================================================================
   THERMO TABLE FOR MOLECULE N2
 ====================================================================================================
   Elemental Composition:
     N 2.0000
   Formation Enthalpy at 298K =          -0.0007 kcal/mol
   Formation Free Gibbs Energy at 298K = -13.6385 kcal/mol
   Molecular Weight =                    28.0140 kg/kmol
 -----------------------------------------------------------------------------------------------------
   Temperature       Cp             H             G            S             DH            DG         
       [K]       [cal/mol/K]    [kcal/mol]    [kcal/mol]  [cal/(mol-K)]  [kcal/mol]     [kcal/mol]    
 -----------------------------------------------------------------------------------------------------
     300.0000      6.9485        0.0132        -13.7300      45.8108       0.0139        -0.0916       
     600.0000      7.1901        2.1285        -28.2849      50.6890       2.1292        -14.6465      
     800.0000      7.5026        3.5960        -38.6422      52.7977       3.5967        -25.0037      
     1000.0000     7.8295        5.1309        -49.3780      54.5089       5.1316        -35.7395      
     1200.0000     8.0555        6.7201        -60.4283      55.9570       6.7208        -46.7898      
     1400.0000     8.2395        8.3503        -71.7480      57.2131       8.3510        -58.1096      
     1600.0000     8.3880        10.0136       -83.3038      58.3234       10.0143       -69.6653      
     1800.0000     8.5065        11.7035       -95.0697      59.3184       11.7042       -81.4312      
     2000.0000     8.6005        13.4146       -107.0250     60.2198       13.4153       -93.3865      
     2200.0000     8.6746        15.1424       -119.1524     61.0431       15.1431       -105.5140     
     2400.0000     8.7331        16.8834       -131.4378     61.8005       16.8841       -117.7993     
     2600.0000     8.7796        18.6348       -143.8689     62.5014       18.6355       -130.2304     
 -----------------------------------------------------------------------------------------------------


