------------------------------
  Elements     Atomic Weight  
------------------------------
  1.	H          1.00800002
  2.	O         15.99899960
  3.	N         14.00699997
------------------------------


------------------------------------------------------------------------------------------------------
                                                Molecular        Temperature        Elements
  Species                  Phase  Charge         weight         Low      High       H       O       N
------------------------------------------------------------------------------------------------------
    1. H2                    G      0            2.016000    300.00   4000.00       2       0       0
    2. O2                    G      0           31.997999    300.00   4000.00       0       2       0
    3. OH                    G      0           17.007000    300.00   4000.00       1       1       0
    4. H2O                   G      0           18.015000    300.00   4000.00       2       1       0
    5. H2O2                  G      0           34.013999    300.00   4000.00       2       2       0
    6. HO2                   G      0           33.005999    300.00   4000.00       1       2       0
    7. O                     G      0           15.999000    300.00   4000.00       0       1       0
    8. H                     G      0            1.008000    300.00   4000.00       1       0       0
    9. N2                    G      0           28.014000    300.00   4000.00       0       0       2
------------------------------------------------------------------------------------------------------

------------------------------------------------------------------------------------------------------------------
  Species                  Shape       eps/kb          sigma             mu           alfa        zRot298         
------------------------------------------------------------------------------------------------------------------
    1. H2                    1        38.0000         2.9200         0.0000         0.7900       280.0000
    2. O2                    1       107.4000         3.4580         0.0000         1.6000         3.8000
    3. OH                    1        80.0000         2.7500         0.0000         0.0000         0.0000
    4. H2O                   2       572.4000         2.6050         1.8440         0.0000         4.0000
    5. H2O2                  2       107.4000         3.4580         0.0000         0.0000         3.8000
    6. HO2                   2       107.4000         3.4580         0.0000         0.0000         1.0000
    7. O                     0        80.0000         2.7500         0.0000         0.0000         0.0000
    8. H                     0       145.0000         2.0500         0.0000         0.0000         0.0000
    9. N2                    1        97.5300         3.6210         0.0000         1.7600         4.0000
------------------------------------------------------------------------------------------------------------------


---------------------------------------------------------------------------------------
                                  CHEMICAL REACTIONS                                   

                         Units: [kmol, m3, s] and [cal/mol]                            
---------------------------------------------------------------------------------------


      1. O2 + H  = OH + O 
         k:       2.210000e+011	    0.00      16650.00


      2. H2 + O  = OH + H 
         k:       4.330000e+010	    0.00      10000.00


      3. O2 + H (+M)  = HO2 (+M) 
         Fall-off (Troe)
         k0:      7.000000e+011	   -0.80          0.00
         kInf:    4.650000e+009	    0.40          0.00
         Troe Parameters
         a    5.00e-001
         T*** 1.00e-030
         T*   1.00e+030
         T**  0.00e+000
         H2O                 	enhanced by	  18.000
         H2                  	enhanced by	   2.500
         N2                  	enhanced by	   1.260
         O2                  	enhanced by	   0.000


      4. 2O2 + H  = O2 + HO2 
         k:       8.900000e+008	    0.00      -2822.00


      5. OH + HO2  = O2 + H2O 
         k:       5.000000e+010	    0.00       1000.00


      6. HO2 + H  = 2OH 
         k:       2.500000e+011	    0.00       1900.00


      7. HO2 + O  = O2 + OH 
         k:       3.250000e+010	    0.00          0.00


      8. 2OH  = H2O + O 
         k:       3.570000e+001	    2.40      -2110.00


      9. H2 +M  = 2H +M 
         k:       2.230000e+011	    0.00      96081.00
         H2                  	enhanced by	   2.500
         H2O                 	enhanced by	  12.000


     10. O2 +M  = 2O +M 
         k:       1.550000e+011	    0.00     115120.00
         H2                  	enhanced by	   2.500
         H2O                 	enhanced by	  12.000


     11. OH + H +M  = H2O +M 
         k:       4.500000e+016	   -2.00          0.00
         H2O                 	enhanced by	  16.000
         H2                  	enhanced by	   2.000


     12. HO2 + H  = H2 + O2 
         k:       2.500000e+010	    0.00        700.00


     13. 2HO2  = O2 + H2O2 
         k:       2.110000e+009	    0.00          0.00


     14. 2OH (+M)  = H2O2 (+M) 
         Fall-off (Troe)
         k0:      2.300000e+012	   -0.90      -1700.00
         kInf:    7.400000e+010	   -0.37          0.00
         Troe Parameters
         a    7.35e-001
         T*** 9.40e+001
         T*   1.76e+003
         T**  5.18e+003
         H2                  	enhanced by	   2.000
         H2O                 	enhanced by	   6.000


     15. OH + O +M  = HO2 +M 
         k:       1.000000e+010	    0.00          0.00


     16. H2O + H  = H2 + OH 
         k:       4.000000e+007	    1.00      19000.00


     17. H2O2 + H  = OH + H2O 
         k:       2.410000e+010	    0.00       3970.00


     18. H2O2 + H  = H2 + HO2 
         k:       6.025000e+010	    0.00       7950.00


     19. H2O + HO2  => OH + H2O2 
         k:       5.388000e+002	    2.00      28780.05


     20. OH + H2O2  => H2O + HO2 
         k:       3.195000e+002	    2.00      -4169.95


     21. H2O2 + O  => OH + HO2 
         k:       1.083000e+003	    2.00      -1657.32


